Using pre-set license
Built from '2020.3/staging' branch; Version is '2020.3.19f1 (68f137dc9bbe) revision 6877495'; Using compiler version '192528614'; Build Type 'Release'
OS: 'Windows 10 Home; OS build 19042.1348; Version 2009; 64bit' Language: 'en' Physical Memory: 3976 MB
BatchMode: 1, IsHumanControllingUs: 0, StartBugReporterOnCrash: 0, Is64bit: 1, IsPro: 0

COMMAND LINE ARGUMENTS:
C:\Program Files\Unity\Hub\Editor\2020.1.4f1\Editor\Unity.exe
-adb2
-batchMode
-noUpm
-name
AssetImportWorker9
-projectPath
C:/Users/Liam/OneDrive/Documents/GitHub/BlasterManCollaboration/BlasterManCollaboration
-logFile
Logs/AssetImportWorker9.log
-srvPort
50671
Successfully changed project path to: C:/Users/Liam/OneDrive/Documents/GitHub/BlasterManCollaboration/BlasterManCollaboration
C:/Users/Liam/OneDrive/Documents/GitHub/BlasterManCollaboration/BlasterManCollaboration
Using Asset Import Pipeline V2.
