Using pre-set license
Built from '2020.3/staging' branch; Version is '2020.3.23f1 (c5d91304a876) revision 12966163'; Using compiler version '192528614'; Build Type 'Release'
OS: 'Windows 10 Pro; OS build 19042.1415; Version 2009; 64bit' Language: 'en' Physical Memory: 16337 MB
BatchMode: 1, IsHumanControllingUs: 0, StartBugReporterOnCrash: 0, Is64bit: 1, IsPro: 0

COMMAND LINE ARGUMENTS:
B:\Unity Editors\2020.3.23f1\Editor\Unity.exe
-adb2
-batchMode
-noUpm
-name
AssetImportWorker0
-projectPath
C:/Users/mikeh/Documents/GitHub/BlasterManCollaboration/BlasterManCollaboration
-logFile
Logs/AssetImportWorker0.log
-srvPort
63156
Successfully changed project path to: C:/Users/mikeh/Documents/GitHub/BlasterManCollaboration/BlasterManCollaboration
C:/Users/mikeh/Documents/GitHub/BlasterManCollaboration/BlasterManCollaboration
Using Asset Import Pipeline V2.
Refreshing native plugins compatible for Editor in 49.13 ms, found 3 plugins.
Preloading 0 native plugins for Editor in 0.00 ms.
Initialize engine version: 2020.3.23f1 (c5d91304a876)
[Subsystems] Discovering subsystems at path B:/Unity Editors/2020.3.23f1/Editor/Data/Resources/UnitySubsystems
[Subsystems] Discovering subsystems at path C:/Users/mikeh/Documents/GitHub/BlasterManCollaboration/BlasterManCollaboration/Assets
GfxDevice: creating device client; threaded=0
Direct3D:
    Version:  Direct3D 11.0 [level 11.1]
    Renderer: AMD Radeon RX 5700 (ID=0x731f)
    Vendor:   
    VRAM:     7806 MB
    Driver:   30.0.13025.5005
Initialize mono
Mono path[0] = 'B:/Unity Editors/2020.3.23f1/Editor/Data/Managed'
Mono path[1] = 'B:/Unity Editors/2020.3.23f1/Editor/Data/MonoBleedingEdge/lib/mono/unityjit'
Mono config path = 'B:/Unity Editors/2020.3.23f1/Editor/Data/MonoBleedingEdge/etc'
Using monoOptions --debugger-agent=transport=dt_socket,embedding=1,server=y,suspend=n,address=127.0.0.1:56260
Begin MonoManager ReloadAssembly
Registering precompiled unity dll's ...
Register platform support module: B:/Unity Editors/2020.3.23f1/Editor/Data/PlaybackEngines/WindowsStandaloneSupport/UnityEditor.WindowsStandalone.Extensions.dll
Registered in 0.001029 seconds.
Native extension for WindowsStandalone target not found
Refreshing native plugins compatible for Editor in 49.05 ms, found 3 plugins.
Preloading 0 native plugins for Editor in 0.00 ms.
Mono: successfully reloaded assembly
- Completed reload, in  0.537 seconds
Domain Reload Profiling:
	ReloadAssembly (537ms)
		BeginReloadAssembly (57ms)
			ExecutionOrderSort (0ms)
			DisableScriptedObjects (0ms)
			BackupInstance (0ms)
			ReleaseScriptingObjects (0ms)
			CreateAndSetChildDomain (1ms)
		EndReloadAssembly (419ms)
			LoadAssemblies (57ms)
			RebuildTransferFunctionScriptingTraits (0ms)
			SetupTypeCache (131ms)
			ReleaseScriptCaches (0ms)
			RebuildScriptCaches (26ms)
			SetupLoadedEditorAssemblies (165ms)
				LogAssemblyErrors (0ms)
				InitializePlatformSupportModulesInManaged (4ms)
				SetLoadedEditorAssemblies (0ms)
				RefreshPlugins (49ms)
				BeforeProcessingInitializeOnLoad (15ms)
				ProcessInitializeOnLoadAttributes (71ms)
				ProcessInitializeOnLoadMethodAttributes (25ms)
				AfterProcessingInitializeOnLoad (0ms)
				EditorAssembliesLoaded (0ms)
			ExecutionOrderSort2 (0ms)
			AwakeInstancesAfterBackupRestoration (0ms)
Platform modules already initialized, skipping
Registering precompiled user dll's ...
Registered in 0.006585 seconds.
Begin MonoManager ReloadAssembly
Native extension for WindowsStandalone target not found
Refreshing native plugins compatible for Editor in 42.77 ms, found 3 plugins.
Preloading 0 native plugins for Editor in 0.00 ms.
Mono: successfully reloaded assembly
- Completed reload, in  1.050 seconds
Domain Reload Profiling:
	ReloadAssembly (1051ms)
		BeginReloadAssembly (156ms)
			ExecutionOrderSort (0ms)
			DisableScriptedObjects (4ms)
			BackupInstance (0ms)
			ReleaseScriptingObjects (0ms)
			CreateAndSetChildDomain (19ms)
		EndReloadAssembly (840ms)
			LoadAssemblies (115ms)
			RebuildTransferFunctionScriptingTraits (0ms)
			SetupTypeCache (267ms)
			ReleaseScriptCaches (0ms)
			RebuildScriptCaches (42ms)
			SetupLoadedEditorAssemblies (328ms)
				LogAssemblyErrors (0ms)
				InitializePlatformSupportModulesInManaged (3ms)
				SetLoadedEditorAssemblies (0ms)
				RefreshPlugins (43ms)
				BeforeProcessingInitializeOnLoad (80ms)
				ProcessInitializeOnLoadAttributes (185ms)
				ProcessInitializeOnLoadMethodAttributes (15ms)
				AfterProcessingInitializeOnLoad (2ms)
				EditorAssembliesLoaded (0ms)
			ExecutionOrderSort2 (0ms)
			AwakeInstancesAfterBackupRestoration (6ms)
Platform modules already initialized, skipping
========================================================================
Worker process is ready to serve import requests
Launched and connected shader compiler UnityShaderCompiler.exe after 0.08 seconds
Refreshing native plugins compatible for Editor in 0.51 ms, found 3 plugins.
Preloading 0 native plugins for Editor in 0.00 ms.
Unloading 2228 Unused Serialized files (Serialized files now loaded: 0)
System memory in use before: 99.3 MB.
System memory in use after: 99.4 MB.

Unloading 28 unused Assets to reduce memory usage. Loaded Objects now: 2664.
Total: 3.439300 ms (FindLiveObjects: 0.209900 ms CreateObjectMapping: 0.049300 ms MarkObjects: 3.113000 ms  DeleteObjects: 0.065500 ms)

AssetImportParameters requested are different than current active one (requested -> active):
  custom:framework-win-MediaFoundation: 216162199b28c13a410421893ffa2e32 -> 
  custom:video-decoder-ogg-theora: a1e56fd34408186e4bbccfd4996cb3dc -> 
  custom:container-muxer-webm: aa71ff27fc2769a1b78a27578f13a17b -> 
  custom:container-demuxer-webm: 4f35f7cbe854078d1ac9338744f61a02 -> 
  custom:container-demuxer-ogg: 62fdf1f143b41e24485cea50d1cbac27 -> 
  custom:video-encoder-webm-vp8: eb34c28f22e8b96e1ab97ce403110664 -> 
  custom:video-decoder-webm-vp8: 9c59270c3fd7afecdb556c50c9e8de78 -> 
  custom:audio-decoder-ogg-vorbis: bf7c407c2cedff20999df2af8eb42d56 -> 
  custom:audio-encoder-webm-vorbis: bf7c407c2cedff20999df2af8eb42d56 -> 
========================================================================
Received Import Request.
  path: Assets/prefabs/Ego Boost.prefab
  artifactKey: Guid(68695af36d15978429ca9cb1495d7c51) Importer(815301076,1909f56bfc062723c751e8b465ee728b)
Start importing Assets/prefabs/Ego Boost.prefab using Guid(68695af36d15978429ca9cb1495d7c51) Importer(815301076,1909f56bfc062723c751e8b465ee728b)  -> (artifact id: '5f8d0b811c1054a71305ba1c4108e550') in 0.102417 seconds 
  Import took 0.105979 seconds .

========================================================================
Received Import Request.
  Time since last request: 0.000240 seconds.
  path: Assets/prefabs/Energy.prefab
  artifactKey: Guid(0776f89f901830c4283ba1b704ea331a) Importer(815301076,1909f56bfc062723c751e8b465ee728b)
Start importing Assets/prefabs/Energy.prefab using Guid(0776f89f901830c4283ba1b704ea331a) Importer(815301076,1909f56bfc062723c751e8b465ee728b)  -> (artifact id: 'ccdbde75db26e6d917638f60b672ee6e') in 0.012396 seconds 
  Import took 0.016503 seconds .

========================================================================
Received Prepare
Registering precompiled user dll's ...
Registered in 0.006093 seconds.
Begin MonoManager ReloadAssembly
Native extension for WindowsStandalone target not found
Refreshing native plugins compatible for Editor in 0.51 ms, found 3 plugins.
Preloading 0 native plugins for Editor in 0.00 ms.
Mono: successfully reloaded assembly
- Completed reload, in  0.922 seconds
Domain Reload Profiling:
	ReloadAssembly (922ms)
		BeginReloadAssembly (118ms)
			ExecutionOrderSort (0ms)
			DisableScriptedObjects (5ms)
			BackupInstance (0ms)
			ReleaseScriptingObjects (0ms)
			CreateAndSetChildDomain (30ms)
		EndReloadAssembly (750ms)
			LoadAssemblies (98ms)
			RebuildTransferFunctionScriptingTraits (0ms)
			SetupTypeCache (261ms)
			ReleaseScriptCaches (1ms)
			RebuildScriptCaches (38ms)
			SetupLoadedEditorAssemblies (276ms)
				LogAssemblyErrors (0ms)
				InitializePlatformSupportModulesInManaged (4ms)
				SetLoadedEditorAssemblies (0ms)
				RefreshPlugins (1ms)
				BeforeProcessingInitializeOnLoad (83ms)
				ProcessInitializeOnLoadAttributes (176ms)
				ProcessInitializeOnLoadMethodAttributes (9ms)
				AfterProcessingInitializeOnLoad (2ms)
				EditorAssembliesLoaded (0ms)
			ExecutionOrderSort2 (0ms)
			AwakeInstancesAfterBackupRestoration (7ms)
Platform modules already initialized, skipping
Refreshing native plugins compatible for Editor in 0.48 ms, found 3 plugins.
Preloading 0 native plugins for Editor in 0.00 ms.
Unloading 2204 Unused Serialized files (Serialized files now loaded: 0)
System memory in use before: 100.3 MB.
System memory in use after: 100.4 MB.

Unloading 17 unused Assets to reduce memory usage. Loaded Objects now: 2673.
Total: 2.959100 ms (FindLiveObjects: 0.210700 ms CreateObjectMapping: 0.047900 ms MarkObjects: 2.679200 ms  DeleteObjects: 0.020300 ms)

AssetImportParameters requested are different than current active one (requested -> active):
  custom:framework-win-MediaFoundation: 216162199b28c13a410421893ffa2e32 -> 
  custom:video-decoder-ogg-theora: a1e56fd34408186e4bbccfd4996cb3dc -> 
  custom:container-muxer-webm: aa71ff27fc2769a1b78a27578f13a17b -> 
  custom:container-demuxer-webm: 4f35f7cbe854078d1ac9338744f61a02 -> 
  custom:container-demuxer-ogg: 62fdf1f143b41e24485cea50d1cbac27 -> 
  custom:video-encoder-webm-vp8: eb34c28f22e8b96e1ab97ce403110664 -> 
  custom:video-decoder-webm-vp8: 9c59270c3fd7afecdb556c50c9e8de78 -> 
  custom:audio-decoder-ogg-vorbis: bf7c407c2cedff20999df2af8eb42d56 -> 
  custom:audio-encoder-webm-vorbis: bf7c407c2cedff20999df2af8eb42d56 -> 
========================================================================
Received Import Request.
  Time since last request: 104.103094 seconds.
  path: Assets/Scripts/EgoController.cs
  artifactKey: Guid(5cfbb026c5d9aa044be889945b20b6e3) Importer(815301076,1909f56bfc062723c751e8b465ee728b)
Start importing Assets/Scripts/EgoController.cs using Guid(5cfbb026c5d9aa044be889945b20b6e3) Importer(815301076,1909f56bfc062723c751e8b465ee728b)  -> (artifact id: '1b1e32046c308ec206c65c47c7c7d0a2') in 0.015922 seconds 
  Import took 0.021681 seconds .

========================================================================
Received Import Request.
  Time since last request: 110.986653 seconds.
  path: Assets/Scripts/EnergyController.cs
  artifactKey: Guid(08903c5429a34d8469ae941ed60fd36b) Importer(815301076,1909f56bfc062723c751e8b465ee728b)
Start importing Assets/Scripts/EnergyController.cs using Guid(08903c5429a34d8469ae941ed60fd36b) Importer(815301076,1909f56bfc062723c751e8b465ee728b)  -> (artifact id: 'b062fa27c1d90d68930d03cd942b063c') in 0.007223 seconds 
  Import took 0.010912 seconds .

========================================================================
Received Import Request.
  Time since last request: 50.599188 seconds.
  path: Assets/Scripts/CameraScroll.cs
  artifactKey: Guid(9445539457f709d47a16dd5aed2e93d2) Importer(815301076,1909f56bfc062723c751e8b465ee728b)
Start importing Assets/Scripts/CameraScroll.cs using Guid(9445539457f709d47a16dd5aed2e93d2) Importer(815301076,1909f56bfc062723c751e8b465ee728b)  -> (artifact id: '39fd987976f4d83a14a79c499175bdd5') in 0.007380 seconds 
  Import took 0.011357 seconds .

========================================================================
Received Import Request.
  Time since last request: 10.281175 seconds.
  path: Assets/Jay/Bar.png
  artifactKey: Guid(c8bbd02a88c2bbc41b7d7e50ec7b2aa7) Importer(815301076,1909f56bfc062723c751e8b465ee728b)
Start importing Assets/Jay/Bar.png using Guid(c8bbd02a88c2bbc41b7d7e50ec7b2aa7) Importer(815301076,1909f56bfc062723c751e8b465ee728b)  -> (artifact id: '41a11f3960132e68166bd8196ecf00ff') in 0.179265 seconds 
  Import took 0.182791 seconds .

========================================================================
Received Import Request.
  Time since last request: 0.000190 seconds.
  path: Assets/Jay/Heart.png
  artifactKey: Guid(9a8e023b5e66b0d478386a07d1627765) Importer(815301076,1909f56bfc062723c751e8b465ee728b)
Start importing Assets/Jay/Heart.png using Guid(9a8e023b5e66b0d478386a07d1627765) Importer(815301076,1909f56bfc062723c751e8b465ee728b)  -> (artifact id: '3f0f7825864a37b9e7edcda34e12e55f') in 0.016817 seconds 
  Import took 0.020371 seconds .

========================================================================
Received Import Request.
  Time since last request: 0.000204 seconds.
  path: Assets/Jay/MicrosoftTeams-image__1_-removebg-preview.png
  artifactKey: Guid(0afdbb4d993a25a448146eceab6ad293) Importer(815301076,1909f56bfc062723c751e8b465ee728b)
Start importing Assets/Jay/MicrosoftTeams-image__1_-removebg-preview.png using Guid(0afdbb4d993a25a448146eceab6ad293) Importer(815301076,1909f56bfc062723c751e8b465ee728b)  -> (artifact id: '8298db15275ff789b56b11e410eae77a') in 0.022280 seconds 
  Import took 0.025079 seconds .

========================================================================
Received Import Request.
  Time since last request: 13.609692 seconds.
  path: Assets/Jay/EnergyBarSlider.cs
  artifactKey: Guid(f669172856fa70949a238005019fe492) Importer(815301076,1909f56bfc062723c751e8b465ee728b)
Start importing Assets/Jay/EnergyBarSlider.cs using Guid(f669172856fa70949a238005019fe492) Importer(815301076,1909f56bfc062723c751e8b465ee728b)  -> (artifact id: '800932d500cb47731a0aea3c9c94f032') in 0.006101 seconds 
  Import took 0.009665 seconds .

========================================================================
Received Import Request.
  Time since last request: 0.558988 seconds.
  path: Assets/Jay/HealthBarSlider.cs
  artifactKey: Guid(2ba2d38beeaa27a40b33273115edafd5) Importer(815301076,1909f56bfc062723c751e8b465ee728b)
Start importing Assets/Jay/HealthBarSlider.cs using Guid(2ba2d38beeaa27a40b33273115edafd5) Importer(815301076,1909f56bfc062723c751e8b465ee728b)  -> (artifact id: '9ad6f9347e98b17ad1c9f841a52324b5') in 0.006390 seconds 
  Import took 0.010191 seconds .

========================================================================
Received Import Request.
  Time since last request: 11.861089 seconds.
  path: Assets/Jay/Yaj.unity
  artifactKey: Guid(9cfe9da13a3925a489f4d97767dcd328) Importer(815301076,1909f56bfc062723c751e8b465ee728b)
Start importing Assets/Jay/Yaj.unity using Guid(9cfe9da13a3925a489f4d97767dcd328) Importer(815301076,1909f56bfc062723c751e8b465ee728b)  -> (artifact id: '7127abcf708ec88a3825d4815857b4d0') in 0.007897 seconds 
  Import took 0.012753 seconds .

========================================================================
Received Import Request.
  Time since last request: 162.887726 seconds.
  path: Assets/prefabs/UI Canvas.prefab
  artifactKey: Guid(bbd3b3256754e6345b81983b473802ad) Importer(815301076,1909f56bfc062723c751e8b465ee728b)
Start importing Assets/prefabs/UI Canvas.prefab using Guid(bbd3b3256754e6345b81983b473802ad) Importer(815301076,1909f56bfc062723c751e8b465ee728b)  -> (artifact id: 'ddaee7cb1e0771af30616e737bcf76ef') in 0.070176 seconds 
  Import took 0.073812 seconds .

========================================================================
Received Import Request.
  Time since last request: 4.817337 seconds.
  path: Assets/Scenes/Player.prefab
  artifactKey: Guid(03b24471a883b114ba9475ae86fe5fa6) Importer(815301076,1909f56bfc062723c751e8b465ee728b)
Start importing Assets/Scenes/Player.prefab using Guid(03b24471a883b114ba9475ae86fe5fa6) Importer(815301076,1909f56bfc062723c751e8b465ee728b)  -> (artifact id: 'cd7e81caafc45a1f1ddf7e5f5fe82e52') in 0.025646 seconds 
  Import took 0.028948 seconds .

========================================================================
Received Import Request.
  Time since last request: 1.576582 seconds.
  path: Assets/Scenes/Mikes Scene.unity
  artifactKey: Guid(bcbdd847705c5f34f814046df71c77e5) Importer(815301076,1909f56bfc062723c751e8b465ee728b)
Start importing Assets/Scenes/Mikes Scene.unity using Guid(bcbdd847705c5f34f814046df71c77e5) Importer(815301076,1909f56bfc062723c751e8b465ee728b)  -> (artifact id: '077346ac9b08de08492471b7ce9ac264') in 0.003494 seconds 
  Import took 0.007233 seconds .

========================================================================
Received Prepare
Registering precompiled user dll's ...
Registered in 0.006396 seconds.
Begin MonoManager ReloadAssembly
Native extension for WindowsStandalone target not found
Refreshing native plugins compatible for Editor in 0.51 ms, found 3 plugins.
Preloading 0 native plugins for Editor in 0.00 ms.
Mono: successfully reloaded assembly
- Completed reload, in  0.908 seconds
Domain Reload Profiling:
	ReloadAssembly (909ms)
		BeginReloadAssembly (123ms)
			ExecutionOrderSort (0ms)
			DisableScriptedObjects (5ms)
			BackupInstance (0ms)
			ReleaseScriptingObjects (0ms)
			CreateAndSetChildDomain (33ms)
		EndReloadAssembly (732ms)
			LoadAssemblies (97ms)
			RebuildTransferFunctionScriptingTraits (0ms)
			SetupTypeCache (250ms)
			ReleaseScriptCaches (1ms)
			RebuildScriptCaches (37ms)
			SetupLoadedEditorAssemblies (269ms)
				LogAssemblyErrors (0ms)
				InitializePlatformSupportModulesInManaged (4ms)
				SetLoadedEditorAssemblies (0ms)
				RefreshPlugins (1ms)
				BeforeProcessingInitializeOnLoad (80ms)
				ProcessInitializeOnLoadAttributes (172ms)
				ProcessInitializeOnLoadMethodAttributes (10ms)
				AfterProcessingInitializeOnLoad (2ms)
				EditorAssembliesLoaded (0ms)
			ExecutionOrderSort2 (0ms)
			AwakeInstancesAfterBackupRestoration (8ms)
Platform modules already initialized, skipping
Refreshing native plugins compatible for Editor in 0.53 ms, found 3 plugins.
Preloading 0 native plugins for Editor in 0.00 ms.
Unloading 2204 Unused Serialized files (Serialized files now loaded: 0)
System memory in use before: 100.4 MB.
System memory in use after: 100.5 MB.

Unloading 17 unused Assets to reduce memory usage. Loaded Objects now: 2682.
Total: 2.822800 ms (FindLiveObjects: 0.201300 ms CreateObjectMapping: 0.056200 ms MarkObjects: 2.549900 ms  DeleteObjects: 0.014100 ms)

AssetImportParameters requested are different than current active one (requested -> active):
  custom:framework-win-MediaFoundation: 216162199b28c13a410421893ffa2e32 -> 
  custom:video-decoder-ogg-theora: a1e56fd34408186e4bbccfd4996cb3dc -> 
  custom:container-muxer-webm: aa71ff27fc2769a1b78a27578f13a17b -> 
  custom:container-demuxer-webm: 4f35f7cbe854078d1ac9338744f61a02 -> 
  custom:container-demuxer-ogg: 62fdf1f143b41e24485cea50d1cbac27 -> 
  custom:video-encoder-webm-vp8: eb34c28f22e8b96e1ab97ce403110664 -> 
  custom:video-decoder-webm-vp8: 9c59270c3fd7afecdb556c50c9e8de78 -> 
  custom:audio-decoder-ogg-vorbis: bf7c407c2cedff20999df2af8eb42d56 -> 
  custom:audio-encoder-webm-vorbis: bf7c407c2cedff20999df2af8eb42d56 -> 
========================================================================
Received Prepare
Registering precompiled user dll's ...
Registered in 0.006398 seconds.
Begin MonoManager ReloadAssembly
Native extension for WindowsStandalone target not found
Refreshing native plugins compatible for Editor in 0.50 ms, found 3 plugins.
Preloading 0 native plugins for Editor in 0.00 ms.
Mono: successfully reloaded assembly
- Completed reload, in  0.991 seconds
Domain Reload Profiling:
	ReloadAssembly (991ms)
		BeginReloadAssembly (123ms)
			ExecutionOrderSort (0ms)
			DisableScriptedObjects (5ms)
			BackupInstance (0ms)
			ReleaseScriptingObjects (0ms)
			CreateAndSetChildDomain (29ms)
		EndReloadAssembly (797ms)
			LoadAssemblies (110ms)
			RebuildTransferFunctionScriptingTraits (0ms)
			SetupTypeCache (289ms)
			ReleaseScriptCaches (1ms)
			RebuildScriptCaches (39ms)
			SetupLoadedEditorAssemblies (282ms)
				LogAssemblyErrors (0ms)
				InitializePlatformSupportModulesInManaged (4ms)
				SetLoadedEditorAssemblies (0ms)
				RefreshPlugins (1ms)
				BeforeProcessingInitializeOnLoad (83ms)
				ProcessInitializeOnLoadAttributes (182ms)
				ProcessInitializeOnLoadMethodAttributes (9ms)
				AfterProcessingInitializeOnLoad (2ms)
				EditorAssembliesLoaded (0ms)
			ExecutionOrderSort2 (0ms)
			AwakeInstancesAfterBackupRestoration (8ms)
Platform modules already initialized, skipping
Refreshing native plugins compatible for Editor in 0.49 ms, found 3 plugins.
Preloading 0 native plugins for Editor in 0.00 ms.
Unloading 2204 Unused Serialized files (Serialized files now loaded: 0)
System memory in use before: 100.4 MB.
System memory in use after: 100.6 MB.

Unloading 17 unused Assets to reduce memory usage. Loaded Objects now: 2684.
Total: 2.969100 ms (FindLiveObjects: 0.200600 ms CreateObjectMapping: 0.047900 ms MarkObjects: 2.699100 ms  DeleteObjects: 0.020400 ms)

AssetImportParameters requested are different than current active one (requested -> active):
  custom:framework-win-MediaFoundation: 216162199b28c13a410421893ffa2e32 -> 
  custom:video-decoder-ogg-theora: a1e56fd34408186e4bbccfd4996cb3dc -> 
  custom:container-muxer-webm: aa71ff27fc2769a1b78a27578f13a17b -> 
  custom:container-demuxer-webm: 4f35f7cbe854078d1ac9338744f61a02 -> 
  custom:container-demuxer-ogg: 62fdf1f143b41e24485cea50d1cbac27 -> 
  custom:video-encoder-webm-vp8: eb34c28f22e8b96e1ab97ce403110664 -> 
  custom:video-decoder-webm-vp8: 9c59270c3fd7afecdb556c50c9e8de78 -> 
  custom:audio-decoder-ogg-vorbis: bf7c407c2cedff20999df2af8eb42d56 -> 
  custom:audio-encoder-webm-vorbis: bf7c407c2cedff20999df2af8eb42d56 -> 
========================================================================
Received Prepare
Registering precompiled user dll's ...
Registered in 0.006509 seconds.
Begin MonoManager ReloadAssembly
Native extension for WindowsStandalone target not found
Refreshing native plugins compatible for Editor in 0.48 ms, found 3 plugins.
Preloading 0 native plugins for Editor in 0.00 ms.
Mono: successfully reloaded assembly
- Completed reload, in  0.934 seconds
Domain Reload Profiling:
	ReloadAssembly (934ms)
		BeginReloadAssembly (107ms)
			ExecutionOrderSort (0ms)
			DisableScriptedObjects (5ms)
			BackupInstance (0ms)
			ReleaseScriptingObjects (0ms)
			CreateAndSetChildDomain (29ms)
		EndReloadAssembly (773ms)
			LoadAssemblies (97ms)
			RebuildTransferFunctionScriptingTraits (0ms)
			SetupTypeCache (254ms)
			ReleaseScriptCaches (1ms)
			RebuildScriptCaches (37ms)
			SetupLoadedEditorAssemblies (265ms)
				LogAssemblyErrors (0ms)
				InitializePlatformSupportModulesInManaged (4ms)
				SetLoadedEditorAssemblies (0ms)
				RefreshPlugins (1ms)
				BeforeProcessingInitializeOnLoad (82ms)
				ProcessInitializeOnLoadAttributes (167ms)
				ProcessInitializeOnLoadMethodAttributes (9ms)
				AfterProcessingInitializeOnLoad (2ms)
				EditorAssembliesLoaded (0ms)
			ExecutionOrderSort2 (0ms)
			AwakeInstancesAfterBackupRestoration (7ms)
Platform modules already initialized, skipping
Refreshing native plugins compatible for Editor in 0.49 ms, found 3 plugins.
Preloading 0 native plugins for Editor in 0.00 ms.
Unloading 2204 Unused Serialized files (Serialized files now loaded: 0)
System memory in use before: 100.5 MB.
System memory in use after: 100.6 MB.

Unloading 17 unused Assets to reduce memory usage. Loaded Objects now: 2686.
Total: 3.107500 ms (FindLiveObjects: 0.199000 ms CreateObjectMapping: 0.049700 ms MarkObjects: 2.842500 ms  DeleteObjects: 0.015000 ms)

AssetImportParameters requested are different than current active one (requested -> active):
  custom:framework-win-MediaFoundation: 216162199b28c13a410421893ffa2e32 -> 
  custom:video-decoder-ogg-theora: a1e56fd34408186e4bbccfd4996cb3dc -> 
  custom:container-muxer-webm: aa71ff27fc2769a1b78a27578f13a17b -> 
  custom:container-demuxer-webm: 4f35f7cbe854078d1ac9338744f61a02 -> 
  custom:container-demuxer-ogg: 62fdf1f143b41e24485cea50d1cbac27 -> 
  custom:video-encoder-webm-vp8: eb34c28f22e8b96e1ab97ce403110664 -> 
  custom:video-decoder-webm-vp8: 9c59270c3fd7afecdb556c50c9e8de78 -> 
  custom:audio-decoder-ogg-vorbis: bf7c407c2cedff20999df2af8eb42d56 -> 
  custom:audio-encoder-webm-vorbis: bf7c407c2cedff20999df2af8eb42d56 -> 
========================================================================
Received Import Request.
  Time since last request: 284.087429 seconds.
  path: Assets/prefabs/Ego Boost.prefab
  artifactKey: Guid(68695af36d15978429ca9cb1495d7c51) Importer(815301076,1909f56bfc062723c751e8b465ee728b)
Start importing Assets/prefabs/Ego Boost.prefab using Guid(68695af36d15978429ca9cb1495d7c51) Importer(815301076,1909f56bfc062723c751e8b465ee728b)  -> (artifact id: '3cb2ebf48fb2cf87f157a07d59630867') in 0.046566 seconds 
  Import took 0.051677 seconds .

AssetImportWorkerClient::OnTransportError - code=2 error=End of file
